<?xml version="1.0" encoding="UTF-8"?>
<!-- Generated by org.testng.reporters.JUnitReportReporter -->
<testsuite hostname="EZE1-LLN-B03787" failures="0" tests="1" name="tests.SmokeTest" time="4.682" errors="0" timestamp="2023-08-30T09:51:34 ART" skipped="0">
  <testcase classname="tests.SmokeTest" name="initialSmokeTest" time="4.682"/>
  <system-out>
    <![CDATA[******************************************
Beginning execution of Test: initialSmokeTest
******************************************
Starting initial smoke test]]>
  </system-out>
</testsuite> <!-- tests.SmokeTest -->
