<?xml version="1.0" encoding="UTF-8"?>
<!-- Generated by org.testng.reporters.JUnitReportReporter -->
<testsuite hostname="EZE1-LLN-B03787" failures="0" tests="1" name="tests.RemoveItemTest" time="11.180" errors="0" timestamp="2023-08-30T09:51:34 ART" skipped="0">
  <testcase classname="tests.RemoveItemTest" name="removeItemTest" time="11.180"/>
  <system-out>
    <![CDATA[******************************************
Beginning execution of Test: removeItemTest
******************************************]]>
  </system-out>
</testsuite> <!-- tests.RemoveItemTest -->
